<?xml version="1.0" encoding="UTF-8"?>
<testng-results skipped="0" failed="0" total="6" passed="6">
  <reporter-output>
  </reporter-output>
  <suite name="Default suite" duration-ms="16228" started-at="2014-10-24T14:06:06Z" finished-at="2014-10-24T14:06:22Z">
    <groups>
    </groups>
    <test name="Default test" duration-ms="16228" started-at="2014-10-24T14:06:06Z" finished-at="2014-10-24T14:06:22Z">
      <class name="com.example.tests.TestBase">
        <test-method status="PASS" signature="setUp()[pri:0, instance:com.example.tests.TestBase@50675690]" name="setUp" is-config="true" duration-ms="4782" started-at="2014-10-24T18:06:06Z" finished-at="2014-10-24T18:06:11Z">
          <reporter-output>
          </reporter-output>
        </test-method> <!-- setUp -->
        <test-method status="PASS" signature="tearDown()[pri:0, instance:com.example.tests.TestBase@50675690]" name="tearDown" is-config="true" duration-ms="160" started-at="2014-10-24T18:06:22Z" finished-at="2014-10-24T18:06:22Z">
          <reporter-output>
          </reporter-output>
        </test-method> <!-- tearDown -->
      </class> <!-- com.example.tests.TestBase -->
      <class name="com.example.tests.ContactCreationTests">
        <test-method status="PASS" signature="testEmptyContactCreation()[pri:0, instance:com.example.tests.ContactCreationTests@629f0666]" name="testEmptyContactCreation" duration-ms="1774" started-at="2014-10-24T18:06:18Z" finished-at="2014-10-24T18:06:19Z">
          <reporter-output>
          </reporter-output>
        </test-method> <!-- testEmptyContactCreation -->
        <test-method status="PASS" signature="testNonEmptyContactCreation()[pri:0, instance:com.example.tests.ContactCreationTests@629f0666]" name="testNonEmptyContactCreation" duration-ms="2590" started-at="2014-10-24T18:06:19Z" finished-at="2014-10-24T18:06:22Z">
          <reporter-output>
          </reporter-output>
        </test-method> <!-- testNonEmptyContactCreation -->
      </class> <!-- com.example.tests.ContactCreationTests -->
      <class name="com.example.tests.AlsoCreationTests">
        <test-method status="PASS" signature="testEmptyGroupCreation()[pri:0, instance:com.example.tests.AlsoCreationTests@3930015a]" name="testEmptyGroupCreation" duration-ms="1953" started-at="2014-10-24T18:06:11Z" finished-at="2014-10-24T18:06:13Z">
          <reporter-output>
          </reporter-output>
        </test-method> <!-- testEmptyGroupCreation -->
        <test-method status="PASS" signature="testNonEmptyGroupCreation()[pri:0, instance:com.example.tests.AlsoCreationTests@3930015a]" name="testNonEmptyGroupCreation" duration-ms="1949" started-at="2014-10-24T18:06:13Z" finished-at="2014-10-24T18:06:15Z">
          <reporter-output>
          </reporter-output>
        </test-method> <!-- testNonEmptyGroupCreation -->
      </class> <!-- com.example.tests.AlsoCreationTests -->
      <class name="com.example.tests.GroupCreationTests">
        <test-method status="PASS" signature="testEmptyGroupCreation()[pri:0, instance:com.example.tests.GroupCreationTests@1bc6a36e]" name="testEmptyGroupCreation" duration-ms="1399" started-at="2014-10-24T18:06:15Z" finished-at="2014-10-24T18:06:16Z">
          <reporter-output>
          </reporter-output>
        </test-method> <!-- testEmptyGroupCreation -->
        <test-method status="PASS" signature="testNonEmptyGroupCreation()[pri:0, instance:com.example.tests.GroupCreationTests@1bc6a36e]" name="testNonEmptyGroupCreation" duration-ms="1610" started-at="2014-10-24T18:06:16Z" finished-at="2014-10-24T18:06:18Z">
          <reporter-output>
          </reporter-output>
        </test-method> <!-- testNonEmptyGroupCreation -->
      </class> <!-- com.example.tests.GroupCreationTests -->
    </test> <!-- Default test -->
  </suite> <!-- Default suite -->
</testng-results>
