<?xml version="1.0" encoding="UTF-8"?>
<!-- Generated by org.testng.reporters.JUnitXMLReporter -->
<testsuite hostname="HFL-S0005" name="Default test" tests="6" failures="0" timestamp="24 Oct 2014 14:06:22 GMT" time="16.228" errors="0">
  <testcase name="testEmptyGroupCreation" time="1.953" classname="com.example.tests.AlsoCreationTests"/>
  <testcase name="testNonEmptyGroupCreation" time="1.949" classname="com.example.tests.AlsoCreationTests"/>
  <testcase name="testEmptyGroupCreation" time="1.399" classname="com.example.tests.GroupCreationTests"/>
  <testcase name="testNonEmptyGroupCreation" time="1.61" classname="com.example.tests.GroupCreationTests"/>
  <testcase name="testEmptyContactCreation" time="1.774" classname="com.example.tests.ContactCreationTests"/>
  <testcase name="testNonEmptyContactCreation" time="2.59" classname="com.example.tests.ContactCreationTests"/>
</testsuite> <!-- Default test -->
