<?xml version="1.0" encoding="UTF-8"?>
<!-- Generated by org.testng.reporters.JUnitXMLReporter -->
<testsuite hostname="home-pc" name="Default test" tests="8" failures="0" timestamp="25 Oct 2014 12:15:45 GMT" time="13.468" errors="0">
  <testcase name="testEmptyGroupCreation" time="1.339" classname="com.example.tests.GroupCreationTests"/>
  <testcase name="testNonEmptyGroupCreation" time="1.435" classname="com.example.tests.GroupCreationTests"/>
  <testcase name="testEmptyContactCreation" time="1.59" classname="com.example.tests.ContactCreationTests"/>
  <testcase name="testNonEmptyContactCreation" time="2.146" classname="com.example.tests.ContactCreationTests"/>
  <testcase name="deleteSomeGroup" time="0.956" classname="com.example.tests.GroupRemovalTests"/>
  <testcase name="deleteSomeContact" time="0.589" classname="com.example.tests.ContactRemovalTests"/>
  <testcase name="modifySomeContact" time="0.734" classname="com.example.tests.ContactModificationTest"/>
  <testcase name="modifySomeGroup" time="1.407" classname="com.example.tests.GroupModificationTests"/>
</testsuite> <!-- Default test -->
